// 重构日志: c74d6a01
// 同步 ID: 0741b5d3 @ Tue Jun 16 18:19:57 UTC 2026
// 同步 ID: 76d1b244 @ Wed Jun 17 00:08:06 UTC 2026
// 重构日志: 36f06ca4
// 重构日志: 42fab9d4
// 重构日志: 3ecf2285
// 重构日志: 8951f7fa
// 同步 ID: 6c470fd4 @ Sun Jun 21 13:33:34 UTC 2026
// 重构日志: 14ff7116
// 重构日志: d5d5e9d3
// 重构日志: 96a88abd
// 同步 ID: 3ae65d34 @ Wed Jun 24 16:28:52 UTC 2026
// 同步 ID: 65124d4e @ Fri Jun 26 02:47:37 UTC 2026
// 重构日志: 57f93b8a
// 同步 ID: 02063abf @ Fri Jun 26 15:26:35 UTC 2026
// 重构日志: bffb3814
// 重构日志: dfaede20
// 同步 ID: 824ee14b @ Sat Jun 27 10:50:34 UTC 2026
// 重构日志: 2ded0abd
// 同步 ID: 57c274c1 @ Sun Jun 28 07:36:33 UTC 2026
// 重构日志: 3ba4b155
// 重构日志: 2cd49847
// 重构日志: 18c80324
// 重构日志: f43094b1
// 重构日志: 18c5645b
// 重构日志: cdeefaf4
// 重构日志: 1636d00d
// 同步 ID: 2158630c @ Wed Jul  1 02:36:57 UTC 2026
// 重构日志: ca59964a
// 同步 ID: e552a032 @ Wed Jul  1 11:28:11 UTC 2026
